Sun Aug 24 12:05:52 CST 2014  [debug] AvalonLogSystem initialized using logfile 'G:\Java\workspace\ejb1\.metadata\.plugins\com.genuitec.eclipse.templates\velocity.log'
Sun Aug 24 12:05:52 CST 2014   [info] ************************************************************** 
Sun Aug 24 12:05:52 CST 2014   [info] Starting Jakarta Velocity v1.4
Sun Aug 24 12:05:52 CST 2014   [info] RuntimeInstance initializing.
Sun Aug 24 12:05:52 CST 2014   [info] Default Properties File: org\apache\velocity\runtime\defaults\velocity.properties
Sun Aug 24 12:05:52 CST 2014   [info] Trying to use logger class org.apache.velocity.runtime.log.AvalonLogSystem
Sun Aug 24 12:05:52 CST 2014   [info] Using logger class org.apache.velocity.runtime.log.AvalonLogSystem
Sun Aug 24 12:05:53 CST 2014   [info] Default ResourceManager initializing. (class org.apache.velocity.runtime.resource.ResourceManagerImpl)
Sun Aug 24 12:05:53 CST 2014   [info] Resource Loader Instantiated: com.genuitec.eclipse.templates.internal.PluginResourceLoader
Sun Aug 24 12:05:53 CST 2014   [info] ResourceCache : initialized. (class org.apache.velocity.runtime.resource.ResourceCacheImpl)
Sun Aug 24 12:05:53 CST 2014   [info] Default ResourceManager initialization complete.
Sun Aug 24 12:05:53 CST 2014   [info] Loaded System Directive: org.apache.velocity.runtime.directive.Literal
Sun Aug 24 12:05:53 CST 2014   [info] Loaded System Directive: org.apache.velocity.runtime.directive.Macro
Sun Aug 24 12:05:53 CST 2014   [info] Loaded System Directive: org.apache.velocity.runtime.directive.Parse
Sun Aug 24 12:05:53 CST 2014   [info] Loaded System Directive: org.apache.velocity.runtime.directive.Include
Sun Aug 24 12:05:53 CST 2014   [info] Loaded System Directive: org.apache.velocity.runtime.directive.Foreach
Sun Aug 24 12:05:53 CST 2014   [info] Created: 20 parsers.
Sun Aug 24 12:05:53 CST 2014   [info] Velocimacro : initialization starting.
Sun Aug 24 12:05:53 CST 2014   [info] Velocimacro : adding VMs from VM library template : VM_global_library.vm
Sun Aug 24 12:05:53 CST 2014   [info] ResourceManager : found VM_global_library.vm with loader com.genuitec.eclipse.templates.internal.PluginResourceLoader
Sun Aug 24 12:05:53 CST 2014   [info] Velocimacro :  VM library template macro registration complete.
Sun Aug 24 12:05:53 CST 2014   [info] Velocimacro : allowInline = true : VMs can be defined inline in templates
Sun Aug 24 12:05:53 CST 2014   [info] Velocimacro : allowInlineToOverride = true : VMs defined inline may replace previous VM definitions
Sun Aug 24 12:05:53 CST 2014   [info] Velocimacro : allowInlineLocal = true : VMs defined inline will be local to their defining template only.
Sun Aug 24 12:05:53 CST 2014   [info] Velocimacro : messages on  : VM system will output logging messages
Sun Aug 24 12:05:53 CST 2014   [info] Velocimacro : autoload off  : VM system will not automatically reload global library macros
Sun Aug 24 12:05:53 CST 2014   [info] Velocimacro : initialization complete.
Sun Aug 24 12:05:53 CST 2014   [info] Velocity successfully started.
Sun Aug 24 12:05:53 CST 2014   [info] ResourceManager : found templates/persistence.xml.vm with loader com.genuitec.eclipse.templates.internal.PluginResourceLoader
Sun Aug 24 16:05:59 CST 2014   [info] ResourceManager : found templates/persistence.xml.vm with loader com.genuitec.eclipse.templates.internal.PluginResourceLoader
